
Reading and processing files:
----------------------------------------
Acanthaceae.bib: 90 entries
Achariaceae.bib: 1 entries
Acoraceae.bib: 5 entries
Actinidiaceae.bib: 14 entries
Adiantaceae.bib: 1 entries
Adoxaceae.bib: 7 entries
Aextoxicaceae.bib: 1 entries
Afrothismiaceae.bib: 1 entries
Agavaceae.bib: 129 entries
Aizoaceae.bib: 35 entries
Akaniaceae.bib: 2 entries
Alangiaceae.bib: 1 entries
Alismataceae.bib: 56 entries
Alliaceae.bib: 35 entries
Aloaceae.bib: 3 entries
Alseuosmiaceae.bib: 2 entries
Alstroemeriaceae.bib: 25 entries
Altingiaceae.bib: 1 entries
Amaranthaceae.bib: 45 entries
Amaryllidaceae.bib: 131 entries
Amborellaceae.bib: 12 entries
Anacardiaceae.bib: 94 entries
Anarthriaceae.bib: 3 entries
Ancistrocladaceae.bib: 1 entries
Anisophylleaceae.bib: 2 entries
Annonaceae.bib: 168 entries
Anthericaceae.bib: 7 entries
Antirrhinaceae.bib: 1 entries
Apiaceae.bib: 177 entries
Apocynaceae.bib: 203 entries
Apodanthaceae.bib: 6 entries
Aponogetonaceae.bib: 2 entries
Aquifoliaceae.bib: 7 entries
Araceae.bib: 307 entries
Araliaceae.bib: 31 entries
Araucariaceae.bib: 17 entries
Arecaceae.bib: 208 entries
Argophyllaceae.bib: 1 entries
Aristolochiaceae.bib: 66 entries
Asclepiadaceae.bib: 100 entries
Asparagaceae.bib: 64 entries
Asphodelaceae.bib: 36 entries
Asteliaceae.bib: 3 entries
Asteraceae.bib: 912 entries
Atherospermataceae.bib: 3 entries
Austrobaileyaceae.bib: 7 entries
Avicenniaceae.bib: 3 entries
Balanopaceae.bib: 1 entries
Balanophoraceae.bib: 18 entries
Balsaminaceae.bib: 78 entries
Barbeyaceae.bib: 1 entries
Basellaceae.bib: 1 entries
Begoniaceae.bib: 2 entries
Berberidaceae.bib: 26 entries
Betulaceae.bib: 37 entries
Biebersteiniaceae.bib: 1 entries
Bignoniaceae.bib: 194 entries
Bixaceae.bib: 5 entries
Blandfordiaceae.bib: 2 entries
Blechnaceae.bib: 1 entries
Bombacaceae.bib: 89 entries
Bonnetiaceae.bib: 1 entries
Boraginaceae.bib: 229 entries
Boryaceae.bib: 2 entries
Botryosphaeriaceae.bib: 2 entries
Brassicaceae.bib: 469 entries
Bromeliaceae.bib: 195 entries
Brunelliaceae.bib: 1 entries
Bruniaceae.bib: 3 entries
Bryaceae.bib: 1 entries
Burmanniaceae.bib: 7 entries
Burseraceae.bib: 22 entries
Butomaceae.bib: 13 entries
Buxaceae.bib: 6 entries
Cabombaceae.bib: 11 entries
Cactaceae.bib: 335 entries
Caesalpiniaceae.bib: 32 entries
Calceolariaceae.bib: 9 entries
Callitrichaceae.bib: 18 entries
Calophyllaceae.bib: 1 entries
Calycanthaceae.bib: 12 entries
Calyceraceae.bib: 6 entries
Campanulaceae.bib: 153 entries
Campynemataceae.bib: 1 entries
Cannabaceae.bib: 10 entries
Cannaceae.bib: 11 entries
Capparaceae.bib: 24 entries
Capparidaceae.bib: 1 entries
Caprifoliaceae.bib: 38 entries
Cardiopteridaceae.bib: 2 entries
Caricaceae.bib: 12 entries
Carlemanniaceae.bib: 1 entries
Caryocaraceae.bib: 12 entries
Caryophyllaceae.bib: 408 entries
Casuarinaceae.bib: 12 entries
Cecropiaceae.bib: 4 entries
Celastraceae.bib: 11 entries
Centrolepidaceae.bib: 4 entries
Centroplacaceae.bib: 1 entries
Cephalotaceae.bib: 2 entries
Cephalotaxaceae.bib: 4 entries
Cephaloteae.bib: 4 entries
Ceratophyllaceae.bib: 9 entries
Cercidiphyllaceae.bib: 2 entries
Chenopodiaceae.bib: 35 entries
Chlaenaceae.bib: 1 entries
Chloranthaceae.bib: 15 entries
Chrysobalanaceae.bib: 10 entries
Circaeasteraceae.bib: 2 entries
Cistaceae.bib: 39 entries
Clavicipitaceae.bib: 7 entries
Cleomaceae.bib: 12 entries
Clethraceae.bib: 2 entries
Clusiaceae.bib: 45 entries
Cneoraceae.bib: 7 entries
Cochlospermaceae.bib: 2 entries
Colchicaceae.bib: 28 entries
Combretaceae.bib: 28 entries
Commelinaceae.bib: 39 entries
Connaraceae.bib: 2 entries
Convolvulaceae.bib: 116 entries
Cordiaceae.bib: 5 entries
Coriariaceae.bib: 1 entries
Cornaceae.bib: 14 entries
Corsiaceae.bib: 3 entries
Corylaceae.bib: 2 entries
Costaceae.bib: 35 entries
Crassulaceae.bib: 31 entries
Crossosomataceae.bib: 1 entries
Cruciferae.bib: 82 entries
Ctenolophonaceae.bib: 1 entries
Cucurbitaceae.bib: 229 entries
Cunoniaceae.bib: 9 entries
Cupressaceae.bib: 115 entries
Cuscutaceae.bib: 1 entries
Cyatheaceae.bib: 4 entries
Cycadaceae.bib: 24 entries
Cyclanthaceae.bib: 24 entries
Cymodoceaceae.bib: 14 entries
Cynomoriaceae.bib: 1 entries
Cyperaceae.bib: 73 entries
Cyrillaceae.bib: 3 entries
Cytinaceae.bib: 16 entries
Daphniphyllaceae.bib: 1 entries
Dasypogonaceae.bib: 1 entries
Datiscaceae.bib: 2 entries
Degeneriaceae.bib: 1 entries
Diapensiaceae.bib: 4 entries
Dichapetalaceae.bib: 4 entries
Didiereaceae.bib: 2 entries
Dilleniaceae.bib: 22 entries
Dioncophyllaceae.bib: 1 entries
Dioscoreaceae.bib: 12 entries
Dipsacaceae.bib: 18 entries
Dipteridaceae.bib: 1 entries
Dipterocarpaceae.bib: 94 entries
Donatiaceae.bib: 2 entries
Doryanthaceae.bib: 2 entries
Droseraceae.bib: 15 entries
Drosophyllaceae.bib: 3 entries
Dryopteridaceae.bib: 3 entries
Ebenaceae.bib: 19 entries
Ecdeiocoleaceae.bib: 2 entries
Ehretiaceae.bib: 2 entries
Elaeagnaceae.bib: 16 entries
Elaeocarpaceae.bib: 14 entries
Elatinaceae.bib: 3 entries
Emblingiaceae.bib: 1 entries
Epacridaceae.bib: 14 entries
Ephedraceae.bib: 8 entries
Equisetaceae.bib: 2 entries
Ericaceae.bib: 333 entries
Eriocaulaceae.bib: 27 entries
Erythroxylaceae.bib: 11 entries
Escalloniaceae.bib: 5 entries
Eucommiaceae.bib: 1 entries
Euphorbiaceae.bib: 305 entries
Euphroniaceae.bib: 2 entries
Eupomatiaceae.bib: 4 entries
Eupteleaceae.bib: 4 entries
WARNING: Count mismatch in Fabaceae.bib
  Parser found 804 entries
  @ symbol count: 805
Fabaceae.bib: 804 entries
Fagaceae.bib: 86 entries
Flacourtiaceae.bib: 4 entries
Flagellariaceae.bib: 1 entries
Fouquieriaceae.bib: 1 entries
Francoaceae.bib: 1 entries
Frankeniaceae.bib: 2 entries
Fumariaceae.bib: 16 entries
Garryaceae.bib: 3 entries
Gelsemiaceae.bib: 3 entries
Gentianaceae.bib: 116 entries
Geosiridaceae.bib: 1 entries
Geraniaceae.bib: 73 entries
Gesneriaceae.bib: 129 entries
Ginkgoaceae.bib: 2 entries
Gleicheniaceae.bib: 1 entries
Gnetaceae.bib: 8 entries
Gomortegaceae.bib: 5 entries
Goodeniaceae.bib: 13 entries
Gramineae.bib: 55 entries
Greyiaceae.bib: 1 entries
Griseliniaceae.bib: 2 entries
Grossulariaceae.bib: 6 entries
Gunneraceae.bib: 2 entries
Guttiferae.bib: 7 entries
Haemodoraceae.bib: 25 entries
Hamamelidaceae.bib: 19 entries
Haptanthaceae.bib: 1 entries
Heliconiaceae.bib: 30 entries
Helwingiaceae.bib: 4 entries
Hemerocallidaceae.bib: 7 entries
Hernandiaceae.bib: 4 entries
Himantandraceae.bib: 3 entries
Hippuridaceae.bib: 2 entries
Huaceae.bib: 1 entries
Humiriaceae.bib: 4 entries
Hyacinthaceae.bib: 25 entries
Hydatellaceae.bib: 13 entries
Hydnoraceae.bib: 7 entries
Hydrangeaceae.bib: 5 entries
Hydrocharitaceae.bib: 37 entries
Hydrophyllaceae.bib: 47 entries
Hydrostachyaceae.bib: 1 entries
Hypericaceae.bib: 11 entries
Hypoxidaceae.bib: 9 entries
Icacinaceae.bib: 4 entries
Illiciaceae.bib: 8 entries
Iridaceae.bib: 252 entries
Irvingiaceae.bib: 1 entries
Ixioliriaceae.bib: 1 entries
Ixonanthaceae.bib: 1 entries
Joinvilleaceae.bib: 1 entries
Juglandaceae.bib: 33 entries
Julianiaceae.bib: 1 entries
Juncaceae.bib: 13 entries
Juncaginaceae.bib: 2 entries
Krameriaceae.bib: 9 entries
Lacistemataceae.bib: 1 entries
Lactoridaceae.bib: 2 entries
Lamiaceae.bib: 305 entries
Lanariaceae.bib: 1 entries
Lardizabalaceae.bib: 4 entries
Lauraceae.bib: 51 entries
Lecythidaceae.bib: 33 entries
Ledocarpaceae.bib: 1 entries
Leeaceae.bib: 2 entries
Leguminosae.bib: 482 entries
Lemnaceae.bib: 1 entries
Lentibulariaceae.bib: 28 entries
Liliaceae.bib: 243 entries
Limnanthaceae.bib: 7 entries
Limnocharitaceae.bib: 4 entries
Linaceae.bib: 28 entries
Linderniaceae.bib: 4 entries
Linnaeoideae.bib: 2 entries
Loasaceae.bib: 45 entries
Lobeliaceae.bib: 20 entries
Loganiaceae.bib: 14 entries
Loranthaceae.bib: 95 entries
Lowiaceae.bib: 12 entries
Lycopodiaceae.bib: 3 entries
Lygodiaceae.bib: 1 entries
Lythraceae.bib: 81 entries
Maesaceae.bib: 1 entries
Magnoliaceae.bib: 55 entries
Malpighiaceae.bib: 136 entries
Malvaceae.bib: 190 entries
Marantaceae.bib: 31 entries
Marcgraviaceae.bib: 9 entries
Martyniaceae.bib: 2 entries
Matoniaceae.bib: 1 entries
Mayacaceae.bib: 4 entries
Mazaceae.bib: 1 entries
Medusagynaceae.bib: 3 entries
Melanthiaceae.bib: 19 entries
Melastomataceae.bib: 155 entries
Meliaceae.bib: 40 entries
Melianthaceae.bib: 2 entries
Menispermaceae.bib: 9 entries
Menyanthaceae.bib: 19 entries
Metteniusaceae.bib: 1 entries
Mimosaceae.bib: 32 entries
Mitrastemonaceae.bib: 6 entries
Molluginaceae.bib: 2 entries
Monimiaceae.bib: 17 entries
Montiaceae.bib: 5 entries
Moraceae.bib: 382 entries
Moringaceae.bib: 9 entries
Muntingiaceae.bib: 1 entries
Musaceae.bib: 26 entries
Myodocarpaceae.bib: 1 entries
Myoporaceae.bib: 1 entries
Myricaceae.bib: 5 entries
Myristicaceae.bib: 29 entries
Myrothamnaceae.bib: 2 entries
Myrsinaceae.bib: 20 entries
WARNING: Count mismatch in Myrtaceae.bib
  Parser found 301 entries
  @ symbol count: 302
Myrtaceae.bib: 301 entries
Mystropetalaceae.bib: 1 entries
Myxomycetes.bib: 1 entries
Najadaceae.bib: 5 entries
Nartheciaceae.bib: 2 entries
Nelumbonaceae.bib: 13 entries
Nepenthaceae.bib: 1 entries
Neuradaceae.bib: 1 entries
Neuwiediaceae.bib: 1 entries
Nitrariaceae.bib: 1 entries
Nolanaceae.bib: 1 entries
Nothofagaceae.bib: 11 entries
Nyctaginaceae.bib: 29 entries
Nymphaeaceae.bib: 69 entries
Nyssaceae.bib: 2 entries
Ochnaceae.bib: 10 entries
Olacaceae.bib: 3 entries
Oleaceae.bib: 67 entries
Oleandraceae.bib: 1 entries
Onagraceae.bib: 256 entries
Oncothecaceae.bib: 1 entries
Ophioglossaceae.bib: 2 entries
Orchidaceae.bib: 1,558 entries
Orobanchaceae.bib: 93 entries
Osmundaceae.bib: 2 entries
Oxalidaceae.bib: 30 entries
Paeoniaceae.bib: 13 entries
Palmae.bib: 36 entries
Pandaceae.bib: 2 entries
Pandanaceae.bib: 9 entries
Papaveraceae.bib: 45 entries
Papilionaceae.bib: 14 entries
Parentage.bib: 309 entries
Parnassiaceae.bib: 2 entries
Passifloraceae.bib: 67 entries
Paulowniaceae.bib: 1 entries
Pedaliaceae.bib: 5 entries
Pennantiaceae.bib: 2 entries
Pentaphragmataceae.bib: 3 entries
Pentaphylacaceae.bib: 2 entries
Peraceae.bib: 3 entries
Petermanniaceae.bib: 1 entries
Petrosaviaceae.bib: 2 entries
Philesiaceae.bib: 4 entries
Phormiaceae.bib: 2 entries
Phrymaceae.bib: 37 entries
Phyllanthaceae.bib: 58 entries
Phyllocladaceae.bib: 4 entries
Phyllonomaceae.bib: 3 entries
Phytolaccaceae.bib: 3 entries
Picrodendraceae.bib: 1 entries
Pinaceae.bib: 96 entries
Piperaceae.bib: 25 entries
Pittosporaceae.bib: 8 entries
Plagiopteraceae.bib: 1 entries
Plantaginaceae.bib: 127 entries
Platanaceae.bib: 11 entries
Plumbaginaceae.bib: 16 entries
WARNING: Count mismatch in Poaceae.bib
  Parser found 390 entries
  @ symbol count: 391
Poaceae.bib: 390 entries
Podocarpaceae.bib: 38 entries
Podostemaceae.bib: 25 entries
Polemoniaceae.bib: 175 entries
Polygalaceae.bib: 22 entries
Polygonaceae.bib: 78 entries
Polypodiaceae.bib: 4 entries
Pontederiaceae.bib: 116 entries
Portulacaceae.bib: 15 entries
Posidoniaceae.bib: 5 entries
Potamogetonaceae.bib: 13 entries
Pottiaceae.bib: 1 entries
Primulaceae.bib: 78 entries
Proteaceae.bib: 339 entries
Pteridaceae.bib: 1 entries
Pucciniaceae.bib: 1 entries
Putranjivaceae.bib: 4 entries
Pyrolaceae.bib: 5 entries
Quiinaceae.bib: 3 entries
Quillajaceae.bib: 2 entries
Rafflesiaceae.bib: 21 entries
Ranunculaceae.bib: 356 entries
Rapateaceae.bib: 7 entries
Resedaceae.bib: 3 entries
Restionaceae.bib: 16 entries
Retziaceae.bib: 1 entries
Rhamnaceae.bib: 63 entries
Rhizophoraceae.bib: 24 entries
Rhoipteleaceae.bib: 1 entries
Roridulaceae.bib: 3 entries
Rosaceae.bib: 375 entries
Rousseaceae.bib: 3 entries
Rubiaceae.bib: 317 entries
Ruppiaceae.bib: 6 entries
Ruscaceae.bib: 8 entries
Rutaceae.bib: 55 entries
Sabiaceae.bib: 7 entries
Salicaceae.bib: 43 entries
Santalaceae.bib: 13 entries
Sapindaceae.bib: 62 entries
Sapotaceae.bib: 25 entries
Sarcolaenaceae.bib: 2 entries
Sarraceniaceae.bib: 21 entries
Saururaceae.bib: 6 entries
Saxifragaceae.bib: 81 entries
Scheuchzeriaceae.bib: 1 entries
Schisandraceae.bib: 22 entries
Schizaeaceae.bib: 1 entries
Schlegeliaceae.bib: 1 entries
Sciadopityaceae.bib: 3 entries
Scrophulariaceae.bib: 398 entries
Simaroubaceae.bib: 7 entries
Siparunaceae.bib: 4 entries
Smilacaceae.bib: 3 entries
Solanaceae.bib: 527 entries
Sphaerosepalaceae.bib: 1 entries
Sphagnaceae.bib: 1 entries
Sphenocleaceae.bib: 1 entries
Splachnaceae.bib: 5 entries
Stachyuraceae.bib: 2 entries
Staphyleaceae.bib: 1 entries
Stemonaceae.bib: 2 entries
Stemonuraceae.bib: 1 entries
Sterculiaceae.bib: 43 entries
Stilbaceae.bib: 2 entries
Strasburgeriaceae.bib: 2 entries
Strelitziaceae.bib: 16 entries
Stylidiaceae.bib: 19 entries
Styracaceae.bib: 8 entries
Surianaceae.bib: 1 entries
Symplocaceae.bib: 3 entries
Taccaceae.bib: 4 entries
Tamaricaceae.bib: 4 entries
Taxaceae.bib: 26 entries
Taxodiaceae.bib: 20 entries
Tecophilaeaceae.bib: 3 entries
Ternstroemiaceae.bib: 1 entries
Tetrameristaceae.bib: 1 entries
Theaceae.bib: 27 entries
Thelephoraceae.bib: 2 entries
Themidaceae.bib: 2 entries
Theophrastaceae.bib: 4 entries
Thismiaceae.bib: 9 entries
Thurniaceae.bib: 2 entries
Thymelaeaceae.bib: 44 entries
Ticodendraceae.bib: 1 entries
Tiliaceae.bib: 17 entries
Tofieldiaceae.bib: 3 entries
Torricelliaceae.bib: 2 entries
Trigoniaceae.bib: 2 entries
Trilliaceae.bib: 6 entries
Trimeniaceae.bib: 5 entries
Triuridaceae.bib: 3 entries
Trochodendraceae.bib: 5 entries
Tropaeolaceae.bib: 4 entries
Turneraceae.bib: 23 entries
Typhaceae.bib: 9 entries
Ulmaceae.bib: 14 entries
Umbelliferae.bib: 28 entries
Urticaceae.bib: 59 entries
Vacciniaceae.bib: 6 entries
Valerianaceae.bib: 6 entries
Velloziaceae.bib: 12 entries
Verbenaceae.bib: 53 entries
Violaceae.bib: 44 entries
Viscaceae.bib: 17 entries
Vitaceae.bib: 19 entries
Vittariaceae.bib: 1 entries
Vivianiaceae.bib: 1 entries
Vochysiaceae.bib: 19 entries
Welwitschiaceae.bib: 3 entries
Winteraceae.bib: 33 entries
Xanthorrhoeaceae.bib: 11 entries
Xyridaceae.bib: 8 entries
Zamiaceae.bib: 88 entries
Zannichelliaceae.bib: 4 entries
Zingiberaceae.bib: 94 entries
Zosteraceae.bib: 12 entries
Zygophyllaceae.bib: 34 entries

Entry types found:
----------------------------------------
article: 19,786
incollection: 118
inproceedings: 405

Processing summary:
----------------------------------------
Initial entries read: 20,309
After deduplication:
  Entries with DOIs: 14,443
  Entries without DOIs: 1,428
  Total unique entries: 15,871
Duplicates removed: 4,438

Output files:
----------------------------------------
Records with DOIs: analysis/unfiltered_doi.bib
Records without DOIs: analysis/unfiltered_nodoi.bib
