Load bibtex
Bibtex loaded
Processing 14430 studies using Batches API...
Waiting for batch processing...
Waiting for batch processing...
Waiting for batch processing...
Waiting for batch processing...
Waiting for batch processing...
Waiting for batch processing...
Waiting for batch processing...
Waiting for batch processing...
Waiting for batch processing...
Waiting for batch processing...
Waiting for batch processing...
Waiting for batch processing...
Waiting for batch processing...
Waiting for batch processing...
Waiting for batch processing...
Waiting for batch processing...
Waiting for batch processing...
Waiting for batch processing...
Waiting for batch processing...
Waiting for batch processing...
Waiting for batch processing...
Waiting for batch processing...
Waiting for batch processing...
Waiting for batch processing...
Waiting for batch processing...
Waiting for batch processing...
Waiting for batch processing...
Waiting for batch processing...
Waiting for batch processing...
Waiting for batch processing...
Waiting for batch processing...
Waiting for batch processing...
Waiting for batch processing...
Waiting for batch processing...
Waiting for batch processing...
Waiting for batch processing...
Waiting for batch processing...
Waiting for batch processing...
Waiting for batch processing...
Waiting for batch processing...
Waiting for batch processing...
Waiting for batch processing...
Waiting for batch processing...
Waiting for batch processing...
Waiting for batch processing...
Waiting for batch processing...
Waiting for batch processing...
Waiting for batch processing...
Waiting for batch processing...
Waiting for batch processing...
Waiting for batch processing...
Waiting for batch processing...
Waiting for batch processing...
Waiting for batch processing...
Waiting for batch processing...
Waiting for batch processing...
Waiting for batch processing...
Waiting for batch processing...
Waiting for batch processing...
Waiting for batch processing...
Waiting for batch processing...
Waiting for batch processing...
Waiting for batch processing...
Waiting for batch processing...
Waiting for batch processing...
Waiting for batch processing...
Waiting for batch processing...
Waiting for batch processing...
Waiting for batch processing...
Waiting for batch processing...
Waiting for batch processing...
Waiting for batch processing...
Waiting for batch processing...
Waiting for batch processing...
Waiting for batch processing...
Waiting for batch processing...
Waiting for batch processing...
Waiting for batch processing...
Waiting for batch processing...
Waiting for batch processing...
Waiting for batch processing...
Waiting for batch processing...
Waiting for batch processing...
Waiting for batch processing...
Waiting for batch processing...
Waiting for batch processing...
Waiting for batch processing...
Waiting for batch processing...
Waiting for batch processing...
Waiting for batch processing...
Waiting for batch processing...
Waiting for batch processing...
Waiting for batch processing...
Waiting for batch processing...
Waiting for batch processing...
Waiting for batch processing...
Waiting for batch processing...
Waiting for batch processing...
Waiting for batch processing...
Waiting for batch processing...
Waiting for batch processing...
Waiting for batch processing...
Waiting for batch processing...
Waiting for batch processing...
Waiting for batch processing...
Waiting for batch processing...
Waiting for batch processing...
Waiting for batch processing...
Waiting for batch processing...
Waiting for batch processing...
Waiting for batch processing...
Waiting for batch processing...
Waiting for batch processing...
Waiting for batch processing...
Waiting for batch processing...
Waiting for batch processing...
Waiting for batch processing...
Waiting for batch processing...
Waiting for batch processing...
Waiting for batch processing...
Waiting for batch processing...
Waiting for batch processing...
Waiting for batch processing...
Waiting for batch processing...
Waiting for batch processing...
Waiting for batch processing...
Waiting for batch processing...
Waiting for batch processing...
Waiting for batch processing...
Waiting for batch processing...
Waiting for batch processing...
Waiting for batch processing...
Waiting for batch processing...
Waiting for batch processing...
Waiting for batch processing...
Waiting for batch processing...
Waiting for batch processing...
Waiting for batch processing...
Waiting for batch processing...
Waiting for batch processing...
Waiting for batch processing...
Waiting for batch processing...
Waiting for batch processing...
Waiting for batch processing...
Waiting for batch processing...
Waiting for batch processing...
Waiting for batch processing...
Waiting for batch processing...
Waiting for batch processing...
Waiting for batch processing...
Waiting for batch processing...
Waiting for batch processing...
Waiting for batch processing...
Waiting for batch processing...
Waiting for batch processing...
Waiting for batch processing...
Waiting for batch processing...
Waiting for batch processing...
Waiting for batch processing...
Waiting for batch processing...
Waiting for batch processing...
Waiting for batch processing...
Waiting for batch processing...
Waiting for batch processing...
Waiting for batch processing...
Waiting for batch processing...
Waiting for batch processing...
Waiting for batch processing...
Waiting for batch processing...
Waiting for batch processing...
Waiting for batch processing...
Waiting for batch processing...
Waiting for batch processing...
Waiting for batch processing...
Waiting for batch processing...
Waiting for batch processing...
Waiting for batch processing...
Waiting for batch processing...
Waiting for batch processing...

Processing complete!
Total papers processed: 14443
Papers with flower visitor data: 4851
Papers with morphological inferences: 0
Results saved to analysis/flower_visitor_classifications.json
CSV summary saved to analysis/classified_studies.csv
